[DEBUG][21-03-09][org.apache.ibatis.logging.LogFactory]Logging initialized using 'class org.apache.ibatis.logging.log4j.Log4jImpl' adapter.
[DEBUG][21-03-09][org.apache.ibatis.logging.LogFactory]Logging initialized using 'class org.apache.ibatis.logging.log4j.Log4jImpl' adapter.
[DEBUG][21-03-09][org.apache.ibatis.datasource.pooled.PooledDataSource]PooledDataSource forcefully closed/removed all connections.
[DEBUG][21-03-09][org.apache.ibatis.datasource.pooled.PooledDataSource]PooledDataSource forcefully closed/removed all connections.
[DEBUG][21-03-09][org.apache.ibatis.datasource.pooled.PooledDataSource]PooledDataSource forcefully closed/removed all connections.
[DEBUG][21-03-09][org.apache.ibatis.datasource.pooled.PooledDataSource]PooledDataSource forcefully closed/removed all connections.
[DEBUG][21-03-09][org.apache.ibatis.transaction.jdbc.JdbcTransaction]Opening JDBC Connection
[DEBUG][21-03-09][org.apache.ibatis.datasource.pooled.PooledDataSource]Created connection 2089016471.
[DEBUG][21-03-09][org.apache.ibatis.transaction.jdbc.JdbcTransaction]Setting autocommit to false on JDBC Connection [com.mysql.cj.jdbc.ConnectionImpl@7c83dc97]
[DEBUG][21-03-09][com.cyp.dao.UserMapper.getUserById]==>  Preparing: select * from user where id = ? 
[DEBUG][21-03-09][com.cyp.dao.UserMapper.getUserById]==> Parameters: 1(Integer)
[DEBUG][21-03-09][com.cyp.dao.UserMapper.getUserById]<==      Total: 1
[DEBUG][21-03-09][org.apache.ibatis.transaction.jdbc.JdbcTransaction]Resetting autocommit to true on JDBC Connection [com.mysql.cj.jdbc.ConnectionImpl@7c83dc97]
[DEBUG][21-03-09][org.apache.ibatis.transaction.jdbc.JdbcTransaction]Closing JDBC Connection [com.mysql.cj.jdbc.ConnectionImpl@7c83dc97]
[DEBUG][21-03-09][org.apache.ibatis.datasource.pooled.PooledDataSource]Returned connection 2089016471 to pool.
[DEBUG][21-03-09][org.apache.ibatis.logging.LogFactory]Logging initialized using 'class org.apache.ibatis.logging.log4j.Log4jImpl' adapter.
[DEBUG][21-03-09][org.apache.ibatis.logging.LogFactory]Logging initialized using 'class org.apache.ibatis.logging.log4j.Log4jImpl' adapter.
[DEBUG][21-03-09][org.apache.ibatis.datasource.pooled.PooledDataSource]PooledDataSource forcefully closed/removed all connections.
[DEBUG][21-03-09][org.apache.ibatis.datasource.pooled.PooledDataSource]PooledDataSource forcefully closed/removed all connections.
[DEBUG][21-03-09][org.apache.ibatis.datasource.pooled.PooledDataSource]PooledDataSource forcefully closed/removed all connections.
[DEBUG][21-03-09][org.apache.ibatis.datasource.pooled.PooledDataSource]PooledDataSource forcefully closed/removed all connections.
[DEBUG][21-03-09][org.apache.ibatis.transaction.jdbc.JdbcTransaction]Opening JDBC Connection
[DEBUG][21-03-09][org.apache.ibatis.datasource.pooled.PooledDataSource]Created connection 2089016471.
[DEBUG][21-03-09][org.apache.ibatis.transaction.jdbc.JdbcTransaction]Setting autocommit to false on JDBC Connection [com.mysql.cj.jdbc.ConnectionImpl@7c83dc97]
[DEBUG][21-03-09][com.cyp.dao.UserMapper.getUserById]==>  Preparing: select * from user where id = ? 
[DEBUG][21-03-09][com.cyp.dao.UserMapper.getUserById]==> Parameters: 1(Integer)
[DEBUG][21-03-09][com.cyp.dao.UserMapper.getUserById]<==      Total: 1
[DEBUG][21-03-09][org.apache.ibatis.transaction.jdbc.JdbcTransaction]Resetting autocommit to true on JDBC Connection [com.mysql.cj.jdbc.ConnectionImpl@7c83dc97]
[DEBUG][21-03-09][org.apache.ibatis.transaction.jdbc.JdbcTransaction]Closing JDBC Connection [com.mysql.cj.jdbc.ConnectionImpl@7c83dc97]
[DEBUG][21-03-09][org.apache.ibatis.datasource.pooled.PooledDataSource]Returned connection 2089016471 to pool.
[DEBUG][21-03-09][org.apache.ibatis.logging.LogFactory]Logging initialized using 'class org.apache.ibatis.logging.log4j.Log4jImpl' adapter.
[DEBUG][21-03-09][org.apache.ibatis.logging.LogFactory]Logging initialized using 'class org.apache.ibatis.logging.log4j.Log4jImpl' adapter.
[DEBUG][21-03-09][org.apache.ibatis.datasource.pooled.PooledDataSource]PooledDataSource forcefully closed/removed all connections.
[DEBUG][21-03-09][org.apache.ibatis.datasource.pooled.PooledDataSource]PooledDataSource forcefully closed/removed all connections.
[DEBUG][21-03-09][org.apache.ibatis.datasource.pooled.PooledDataSource]PooledDataSource forcefully closed/removed all connections.
[DEBUG][21-03-09][org.apache.ibatis.datasource.pooled.PooledDataSource]PooledDataSource forcefully closed/removed all connections.
[DEBUG][21-03-09][org.apache.ibatis.transaction.jdbc.JdbcTransaction]Opening JDBC Connection
[DEBUG][21-03-09][org.apache.ibatis.datasource.pooled.PooledDataSource]Created connection 2089016471.
[DEBUG][21-03-09][org.apache.ibatis.transaction.jdbc.JdbcTransaction]Setting autocommit to false on JDBC Connection [com.mysql.cj.jdbc.ConnectionImpl@7c83dc97]
[DEBUG][21-03-09][com.cyp.dao.UserMapper.getUserById]==>  Preparing: select * from user where id = ? 
[DEBUG][21-03-09][com.cyp.dao.UserMapper.getUserById]==> Parameters: 1(Integer)
[DEBUG][21-03-09][com.cyp.dao.UserMapper.getUserById]<==      Total: 1
[DEBUG][21-03-09][org.apache.ibatis.transaction.jdbc.JdbcTransaction]Resetting autocommit to true on JDBC Connection [com.mysql.cj.jdbc.ConnectionImpl@7c83dc97]
[DEBUG][21-03-09][org.apache.ibatis.transaction.jdbc.JdbcTransaction]Closing JDBC Connection [com.mysql.cj.jdbc.ConnectionImpl@7c83dc97]
[DEBUG][21-03-09][org.apache.ibatis.datasource.pooled.PooledDataSource]Returned connection 2089016471 to pool.
[DEBUG][21-03-09][org.apache.ibatis.logging.LogFactory]Logging initialized using 'class org.apache.ibatis.logging.log4j.Log4jImpl' adapter.
[DEBUG][21-03-09][org.apache.ibatis.logging.LogFactory]Logging initialized using 'class org.apache.ibatis.logging.log4j.Log4jImpl' adapter.
[DEBUG][21-03-09][org.apache.ibatis.datasource.pooled.PooledDataSource]PooledDataSource forcefully closed/removed all connections.
[DEBUG][21-03-09][org.apache.ibatis.datasource.pooled.PooledDataSource]PooledDataSource forcefully closed/removed all connections.
[DEBUG][21-03-09][org.apache.ibatis.datasource.pooled.PooledDataSource]PooledDataSource forcefully closed/removed all connections.
[DEBUG][21-03-09][org.apache.ibatis.datasource.pooled.PooledDataSource]PooledDataSource forcefully closed/removed all connections.
[DEBUG][21-03-09][org.apache.ibatis.transaction.jdbc.JdbcTransaction]Opening JDBC Connection
[DEBUG][21-03-09][org.apache.ibatis.datasource.pooled.PooledDataSource]Created connection 1050065615.
[DEBUG][21-03-09][org.apache.ibatis.transaction.jdbc.JdbcTransaction]Setting autocommit to false on JDBC Connection [com.mysql.cj.jdbc.ConnectionImpl@3e96bacf]
[DEBUG][21-03-09][com.cyp.dao.UserMapper.addUser]==>  Preparing: insert into user(id,name,pwd) values(?,?,?) 
[DEBUG][21-03-09][org.apache.ibatis.logging.LogFactory]Logging initialized using 'class org.apache.ibatis.logging.log4j.Log4jImpl' adapter.
[DEBUG][21-03-09][org.apache.ibatis.logging.LogFactory]Logging initialized using 'class org.apache.ibatis.logging.log4j.Log4jImpl' adapter.
[DEBUG][21-03-09][org.apache.ibatis.datasource.pooled.PooledDataSource]PooledDataSource forcefully closed/removed all connections.
[DEBUG][21-03-09][org.apache.ibatis.datasource.pooled.PooledDataSource]PooledDataSource forcefully closed/removed all connections.
[DEBUG][21-03-09][org.apache.ibatis.datasource.pooled.PooledDataSource]PooledDataSource forcefully closed/removed all connections.
[DEBUG][21-03-09][org.apache.ibatis.datasource.pooled.PooledDataSource]PooledDataSource forcefully closed/removed all connections.
[DEBUG][21-03-09][org.apache.ibatis.transaction.jdbc.JdbcTransaction]Opening JDBC Connection
[DEBUG][21-03-09][org.apache.ibatis.datasource.pooled.PooledDataSource]Created connection 1050065615.
[DEBUG][21-03-09][org.apache.ibatis.transaction.jdbc.JdbcTransaction]Setting autocommit to false on JDBC Connection [com.mysql.cj.jdbc.ConnectionImpl@3e96bacf]
[DEBUG][21-03-09][com.cyp.dao.UserMapper.addUser]==>  Preparing: insert into user(id,name,pwd) values(?,?,?) 
[DEBUG][21-03-09][com.cyp.dao.UserMapper.addUser]==> Parameters: 5(Integer), hello(String), 12345(String)
[DEBUG][21-03-09][com.cyp.dao.UserMapper.addUser]<==    Updates: 1
[DEBUG][21-03-09][org.apache.ibatis.transaction.jdbc.JdbcTransaction]Rolling back JDBC Connection [com.mysql.cj.jdbc.ConnectionImpl@3e96bacf]
[DEBUG][21-03-09][org.apache.ibatis.transaction.jdbc.JdbcTransaction]Resetting autocommit to true on JDBC Connection [com.mysql.cj.jdbc.ConnectionImpl@3e96bacf]
[DEBUG][21-03-09][org.apache.ibatis.transaction.jdbc.JdbcTransaction]Closing JDBC Connection [com.mysql.cj.jdbc.ConnectionImpl@3e96bacf]
[DEBUG][21-03-09][org.apache.ibatis.datasource.pooled.PooledDataSource]Returned connection 1050065615 to pool.
[DEBUG][21-03-09][org.apache.ibatis.logging.LogFactory]Logging initialized using 'class org.apache.ibatis.logging.log4j.Log4jImpl' adapter.
[DEBUG][21-03-09][org.apache.ibatis.logging.LogFactory]Logging initialized using 'class org.apache.ibatis.logging.log4j.Log4jImpl' adapter.
[DEBUG][21-03-09][org.apache.ibatis.datasource.pooled.PooledDataSource]PooledDataSource forcefully closed/removed all connections.
[DEBUG][21-03-09][org.apache.ibatis.datasource.pooled.PooledDataSource]PooledDataSource forcefully closed/removed all connections.
[DEBUG][21-03-09][org.apache.ibatis.datasource.pooled.PooledDataSource]PooledDataSource forcefully closed/removed all connections.
[DEBUG][21-03-09][org.apache.ibatis.datasource.pooled.PooledDataSource]PooledDataSource forcefully closed/removed all connections.
[DEBUG][21-03-09][org.apache.ibatis.transaction.jdbc.JdbcTransaction]Opening JDBC Connection
[DEBUG][21-03-09][org.apache.ibatis.datasource.pooled.PooledDataSource]Created connection 1212772528.
[DEBUG][21-03-09][org.apache.ibatis.transaction.jdbc.JdbcTransaction]Setting autocommit to false on JDBC Connection [com.mysql.cj.jdbc.ConnectionImpl@484970b0]
[DEBUG][21-03-09][com.cyp.dao.UserMapper.updateUser]==>  Preparing: update user set name=?,password=? where id =? 
[DEBUG][21-03-09][com.cyp.dao.UserMapper.updateUser]==> Parameters: to(String), 12333(String), 5(Integer)
[DEBUG][21-03-09][org.apache.ibatis.logging.LogFactory]Logging initialized using 'class org.apache.ibatis.logging.log4j.Log4jImpl' adapter.
[DEBUG][21-03-09][org.apache.ibatis.logging.LogFactory]Logging initialized using 'class org.apache.ibatis.logging.log4j.Log4jImpl' adapter.
[DEBUG][21-03-09][org.apache.ibatis.datasource.pooled.PooledDataSource]PooledDataSource forcefully closed/removed all connections.
[DEBUG][21-03-09][org.apache.ibatis.datasource.pooled.PooledDataSource]PooledDataSource forcefully closed/removed all connections.
[DEBUG][21-03-09][org.apache.ibatis.datasource.pooled.PooledDataSource]PooledDataSource forcefully closed/removed all connections.
[DEBUG][21-03-09][org.apache.ibatis.datasource.pooled.PooledDataSource]PooledDataSource forcefully closed/removed all connections.
[DEBUG][21-03-09][org.apache.ibatis.transaction.jdbc.JdbcTransaction]Opening JDBC Connection
[DEBUG][21-03-09][org.apache.ibatis.datasource.pooled.PooledDataSource]Created connection 1212772528.
[DEBUG][21-03-09][org.apache.ibatis.transaction.jdbc.JdbcTransaction]Setting autocommit to false on JDBC Connection [com.mysql.cj.jdbc.ConnectionImpl@484970b0]
[DEBUG][21-03-09][com.cyp.dao.UserMapper.updateUser]==>  Preparing: update user set name=?,pwd=? where id =? 
[DEBUG][21-03-09][com.cyp.dao.UserMapper.updateUser]==> Parameters: to(String), 12333(String), 5(Integer)
[DEBUG][21-03-09][com.cyp.dao.UserMapper.updateUser]<==    Updates: 0
[DEBUG][21-03-09][org.apache.ibatis.transaction.jdbc.JdbcTransaction]Rolling back JDBC Connection [com.mysql.cj.jdbc.ConnectionImpl@484970b0]
[DEBUG][21-03-09][org.apache.ibatis.transaction.jdbc.JdbcTransaction]Resetting autocommit to true on JDBC Connection [com.mysql.cj.jdbc.ConnectionImpl@484970b0]
[DEBUG][21-03-09][org.apache.ibatis.transaction.jdbc.JdbcTransaction]Closing JDBC Connection [com.mysql.cj.jdbc.ConnectionImpl@484970b0]
[DEBUG][21-03-09][org.apache.ibatis.datasource.pooled.PooledDataSource]Returned connection 1212772528 to pool.
[DEBUG][21-03-09][org.apache.ibatis.logging.LogFactory]Logging initialized using 'class org.apache.ibatis.logging.log4j.Log4jImpl' adapter.
[DEBUG][21-03-09][org.apache.ibatis.logging.LogFactory]Logging initialized using 'class org.apache.ibatis.logging.log4j.Log4jImpl' adapter.
[DEBUG][21-03-09][org.apache.ibatis.datasource.pooled.PooledDataSource]PooledDataSource forcefully closed/removed all connections.
[DEBUG][21-03-09][org.apache.ibatis.datasource.pooled.PooledDataSource]PooledDataSource forcefully closed/removed all connections.
[DEBUG][21-03-09][org.apache.ibatis.datasource.pooled.PooledDataSource]PooledDataSource forcefully closed/removed all connections.
[DEBUG][21-03-09][org.apache.ibatis.datasource.pooled.PooledDataSource]PooledDataSource forcefully closed/removed all connections.
[DEBUG][21-03-09][org.apache.ibatis.transaction.jdbc.JdbcTransaction]Opening JDBC Connection
[DEBUG][21-03-09][org.apache.ibatis.datasource.pooled.PooledDataSource]Created connection 1212772528.
[DEBUG][21-03-09][org.apache.ibatis.transaction.jdbc.JdbcTransaction]Setting autocommit to false on JDBC Connection [com.mysql.cj.jdbc.ConnectionImpl@484970b0]
[DEBUG][21-03-09][com.cyp.dao.UserMapper.addUser]==>  Preparing: insert into user(id,name,pwd) values(?,?,?) 
[DEBUG][21-03-09][com.cyp.dao.UserMapper.addUser]==> Parameters: 5(Integer), hello(String), 12345(String)
[DEBUG][21-03-09][com.cyp.dao.UserMapper.addUser]<==    Updates: 1
[DEBUG][21-03-09][org.apache.ibatis.transaction.jdbc.JdbcTransaction]Rolling back JDBC Connection [com.mysql.cj.jdbc.ConnectionImpl@484970b0]
[DEBUG][21-03-09][org.apache.ibatis.transaction.jdbc.JdbcTransaction]Resetting autocommit to true on JDBC Connection [com.mysql.cj.jdbc.ConnectionImpl@484970b0]
[DEBUG][21-03-09][org.apache.ibatis.transaction.jdbc.JdbcTransaction]Closing JDBC Connection [com.mysql.cj.jdbc.ConnectionImpl@484970b0]
[DEBUG][21-03-09][org.apache.ibatis.datasource.pooled.PooledDataSource]Returned connection 1212772528 to pool.
[DEBUG][21-03-10][org.apache.ibatis.logging.LogFactory]Logging initialized using 'class org.apache.ibatis.logging.log4j.Log4jImpl' adapter.
[DEBUG][21-03-10][org.apache.ibatis.logging.LogFactory]Logging initialized using 'class org.apache.ibatis.logging.log4j.Log4jImpl' adapter.
[DEBUG][21-03-10][org.apache.ibatis.datasource.pooled.PooledDataSource]PooledDataSource forcefully closed/removed all connections.
[DEBUG][21-03-10][org.apache.ibatis.datasource.pooled.PooledDataSource]PooledDataSource forcefully closed/removed all connections.
[DEBUG][21-03-10][org.apache.ibatis.datasource.pooled.PooledDataSource]PooledDataSource forcefully closed/removed all connections.
[DEBUG][21-03-10][org.apache.ibatis.datasource.pooled.PooledDataSource]PooledDataSource forcefully closed/removed all connections.
[DEBUG][21-03-10][org.apache.ibatis.transaction.jdbc.JdbcTransaction]Opening JDBC Connection
[DEBUG][21-03-10][org.apache.ibatis.datasource.pooled.PooledDataSource]Created connection 1212772528.
[DEBUG][21-03-10][org.apache.ibatis.transaction.jdbc.JdbcTransaction]Setting autocommit to false on JDBC Connection [com.mysql.cj.jdbc.ConnectionImpl@484970b0]
[DEBUG][21-03-10][com.cyp.dao.UserMapper.addUser]==>  Preparing: insert into user(id,name,pwd) values(?,?,?) 
[DEBUG][21-03-10][com.cyp.dao.UserMapper.addUser]==> Parameters: 5(Integer), hello(String), 12345(String)
[DEBUG][21-03-10][com.cyp.dao.UserMapper.addUser]<==    Updates: 1
[DEBUG][21-03-10][org.apache.ibatis.transaction.jdbc.JdbcTransaction]Rolling back JDBC Connection [com.mysql.cj.jdbc.ConnectionImpl@484970b0]
[DEBUG][21-03-10][org.apache.ibatis.transaction.jdbc.JdbcTransaction]Resetting autocommit to true on JDBC Connection [com.mysql.cj.jdbc.ConnectionImpl@484970b0]
[DEBUG][21-03-10][org.apache.ibatis.transaction.jdbc.JdbcTransaction]Closing JDBC Connection [com.mysql.cj.jdbc.ConnectionImpl@484970b0]
[DEBUG][21-03-10][org.apache.ibatis.datasource.pooled.PooledDataSource]Returned connection 1212772528 to pool.
[DEBUG][21-03-10][org.apache.ibatis.logging.LogFactory]Logging initialized using 'class org.apache.ibatis.logging.log4j.Log4jImpl' adapter.
[DEBUG][21-03-10][org.apache.ibatis.logging.LogFactory]Logging initialized using 'class org.apache.ibatis.logging.log4j.Log4jImpl' adapter.
[DEBUG][21-03-10][org.apache.ibatis.datasource.pooled.PooledDataSource]PooledDataSource forcefully closed/removed all connections.
[DEBUG][21-03-10][org.apache.ibatis.datasource.pooled.PooledDataSource]PooledDataSource forcefully closed/removed all connections.
[DEBUG][21-03-10][org.apache.ibatis.datasource.pooled.PooledDataSource]PooledDataSource forcefully closed/removed all connections.
[DEBUG][21-03-10][org.apache.ibatis.datasource.pooled.PooledDataSource]PooledDataSource forcefully closed/removed all connections.
[DEBUG][21-03-10][org.apache.ibatis.transaction.jdbc.JdbcTransaction]Opening JDBC Connection
[DEBUG][21-03-10][org.apache.ibatis.datasource.pooled.PooledDataSource]Created connection 1212772528.
[DEBUG][21-03-10][org.apache.ibatis.transaction.jdbc.JdbcTransaction]Setting autocommit to false on JDBC Connection [com.mysql.cj.jdbc.ConnectionImpl@484970b0]
[DEBUG][21-03-10][com.cyp.dao.UserMapper.addUser]==>  Preparing: insert into user(id,name,pwd) values(?,?,?) 
[DEBUG][21-03-10][com.cyp.dao.UserMapper.addUser]==> Parameters: 5(Integer), 黑哥(String), 12345(String)
[DEBUG][21-03-10][com.cyp.dao.UserMapper.addUser]<==    Updates: 1
[DEBUG][21-03-10][org.apache.ibatis.transaction.jdbc.JdbcTransaction]Rolling back JDBC Connection [com.mysql.cj.jdbc.ConnectionImpl@484970b0]
[DEBUG][21-03-10][org.apache.ibatis.transaction.jdbc.JdbcTransaction]Resetting autocommit to true on JDBC Connection [com.mysql.cj.jdbc.ConnectionImpl@484970b0]
[DEBUG][21-03-10][org.apache.ibatis.transaction.jdbc.JdbcTransaction]Closing JDBC Connection [com.mysql.cj.jdbc.ConnectionImpl@484970b0]
[DEBUG][21-03-10][org.apache.ibatis.datasource.pooled.PooledDataSource]Returned connection 1212772528 to pool.
[DEBUG][21-03-10][org.apache.ibatis.logging.LogFactory]Logging initialized using 'class org.apache.ibatis.logging.log4j.Log4jImpl' adapter.
[DEBUG][21-03-10][org.apache.ibatis.logging.LogFactory]Logging initialized using 'class org.apache.ibatis.logging.log4j.Log4jImpl' adapter.
[DEBUG][21-03-10][org.apache.ibatis.datasource.pooled.PooledDataSource]PooledDataSource forcefully closed/removed all connections.
[DEBUG][21-03-10][org.apache.ibatis.datasource.pooled.PooledDataSource]PooledDataSource forcefully closed/removed all connections.
[DEBUG][21-03-10][org.apache.ibatis.datasource.pooled.PooledDataSource]PooledDataSource forcefully closed/removed all connections.
[DEBUG][21-03-10][org.apache.ibatis.datasource.pooled.PooledDataSource]PooledDataSource forcefully closed/removed all connections.
[DEBUG][21-03-10][org.apache.ibatis.transaction.jdbc.JdbcTransaction]Opening JDBC Connection
[DEBUG][21-03-10][org.apache.ibatis.datasource.pooled.PooledDataSource]Created connection 1212772528.
[DEBUG][21-03-10][org.apache.ibatis.transaction.jdbc.JdbcTransaction]Setting autocommit to false on JDBC Connection [com.mysql.cj.jdbc.ConnectionImpl@484970b0]
[DEBUG][21-03-10][com.cyp.dao.UserMapper.addUser]==>  Preparing: insert into user(id,name,pwd) values(?,?,?) 
[DEBUG][21-03-10][com.cyp.dao.UserMapper.addUser]==> Parameters: 4(Integer), 黑哥(String), 12345(String)
[DEBUG][21-03-10][com.cyp.dao.UserMapper.addUser]<==    Updates: 1
[DEBUG][21-03-10][org.apache.ibatis.transaction.jdbc.JdbcTransaction]Rolling back JDBC Connection [com.mysql.cj.jdbc.ConnectionImpl@484970b0]
[DEBUG][21-03-10][org.apache.ibatis.transaction.jdbc.JdbcTransaction]Resetting autocommit to true on JDBC Connection [com.mysql.cj.jdbc.ConnectionImpl@484970b0]
[DEBUG][21-03-10][org.apache.ibatis.transaction.jdbc.JdbcTransaction]Closing JDBC Connection [com.mysql.cj.jdbc.ConnectionImpl@484970b0]
[DEBUG][21-03-10][org.apache.ibatis.datasource.pooled.PooledDataSource]Returned connection 1212772528 to pool.
[DEBUG][21-03-10][org.apache.ibatis.logging.LogFactory]Logging initialized using 'class org.apache.ibatis.logging.log4j.Log4jImpl' adapter.
[DEBUG][21-03-10][org.apache.ibatis.logging.LogFactory]Logging initialized using 'class org.apache.ibatis.logging.log4j.Log4jImpl' adapter.
[DEBUG][21-03-10][org.apache.ibatis.datasource.pooled.PooledDataSource]PooledDataSource forcefully closed/removed all connections.
[DEBUG][21-03-10][org.apache.ibatis.datasource.pooled.PooledDataSource]PooledDataSource forcefully closed/removed all connections.
[DEBUG][21-03-10][org.apache.ibatis.datasource.pooled.PooledDataSource]PooledDataSource forcefully closed/removed all connections.
[DEBUG][21-03-10][org.apache.ibatis.datasource.pooled.PooledDataSource]PooledDataSource forcefully closed/removed all connections.
[DEBUG][21-03-10][org.apache.ibatis.transaction.jdbc.JdbcTransaction]Opening JDBC Connection
[DEBUG][21-03-10][org.apache.ibatis.datasource.pooled.PooledDataSource]Created connection 1212772528.
[DEBUG][21-03-10][org.apache.ibatis.transaction.jdbc.JdbcTransaction]Setting autocommit to false on JDBC Connection [com.mysql.cj.jdbc.ConnectionImpl@484970b0]
[DEBUG][21-03-10][com.cyp.dao.UserMapper.updateUser]==>  Preparing: update user set name=?,pwd=? where id =? 
[DEBUG][21-03-10][com.cyp.dao.UserMapper.updateUser]==> Parameters: to(String), 12333(String), 1(Integer)
[DEBUG][21-03-10][com.cyp.dao.UserMapper.updateUser]<==    Updates: 1
[DEBUG][21-03-10][org.apache.ibatis.transaction.jdbc.JdbcTransaction]Rolling back JDBC Connection [com.mysql.cj.jdbc.ConnectionImpl@484970b0]
[DEBUG][21-03-10][org.apache.ibatis.transaction.jdbc.JdbcTransaction]Resetting autocommit to true on JDBC Connection [com.mysql.cj.jdbc.ConnectionImpl@484970b0]
[DEBUG][21-03-10][org.apache.ibatis.transaction.jdbc.JdbcTransaction]Closing JDBC Connection [com.mysql.cj.jdbc.ConnectionImpl@484970b0]
[DEBUG][21-03-10][org.apache.ibatis.datasource.pooled.PooledDataSource]Returned connection 1212772528 to pool.
[DEBUG][21-03-10][org.apache.ibatis.logging.LogFactory]Logging initialized using 'class org.apache.ibatis.logging.log4j.Log4jImpl' adapter.
[DEBUG][21-03-10][org.apache.ibatis.logging.LogFactory]Logging initialized using 'class org.apache.ibatis.logging.log4j.Log4jImpl' adapter.
[DEBUG][21-03-10][org.apache.ibatis.datasource.pooled.PooledDataSource]PooledDataSource forcefully closed/removed all connections.
[DEBUG][21-03-10][org.apache.ibatis.datasource.pooled.PooledDataSource]PooledDataSource forcefully closed/removed all connections.
[DEBUG][21-03-10][org.apache.ibatis.datasource.pooled.PooledDataSource]PooledDataSource forcefully closed/removed all connections.
[DEBUG][21-03-10][org.apache.ibatis.datasource.pooled.PooledDataSource]PooledDataSource forcefully closed/removed all connections.
[DEBUG][21-03-10][org.apache.ibatis.transaction.jdbc.JdbcTransaction]Opening JDBC Connection
[DEBUG][21-03-10][org.apache.ibatis.datasource.pooled.PooledDataSource]Created connection 1212772528.
[DEBUG][21-03-10][org.apache.ibatis.transaction.jdbc.JdbcTransaction]Setting autocommit to false on JDBC Connection [com.mysql.cj.jdbc.ConnectionImpl@484970b0]
[DEBUG][21-03-10][com.cyp.dao.UserMapper.updateUser]==>  Preparing: update user set name=?,pwd=? where id =? 
[DEBUG][21-03-10][com.cyp.dao.UserMapper.updateUser]==> Parameters: to(String), 12333(String), 1(Integer)
[DEBUG][21-03-10][com.cyp.dao.UserMapper.updateUser]<==    Updates: 1
[DEBUG][21-03-10][org.apache.ibatis.transaction.jdbc.JdbcTransaction]Rolling back JDBC Connection [com.mysql.cj.jdbc.ConnectionImpl@484970b0]
[DEBUG][21-03-10][org.apache.ibatis.transaction.jdbc.JdbcTransaction]Resetting autocommit to true on JDBC Connection [com.mysql.cj.jdbc.ConnectionImpl@484970b0]
[DEBUG][21-03-10][org.apache.ibatis.transaction.jdbc.JdbcTransaction]Closing JDBC Connection [com.mysql.cj.jdbc.ConnectionImpl@484970b0]
[DEBUG][21-03-10][org.apache.ibatis.datasource.pooled.PooledDataSource]Returned connection 1212772528 to pool.
[DEBUG][21-03-10][org.apache.ibatis.logging.LogFactory]Logging initialized using 'class org.apache.ibatis.logging.log4j.Log4jImpl' adapter.
[DEBUG][21-03-10][org.apache.ibatis.logging.LogFactory]Logging initialized using 'class org.apache.ibatis.logging.log4j.Log4jImpl' adapter.
[DEBUG][21-03-10][org.apache.ibatis.datasource.pooled.PooledDataSource]PooledDataSource forcefully closed/removed all connections.
[DEBUG][21-03-10][org.apache.ibatis.datasource.pooled.PooledDataSource]PooledDataSource forcefully closed/removed all connections.
[DEBUG][21-03-10][org.apache.ibatis.datasource.pooled.PooledDataSource]PooledDataSource forcefully closed/removed all connections.
[DEBUG][21-03-10][org.apache.ibatis.datasource.pooled.PooledDataSource]PooledDataSource forcefully closed/removed all connections.
[DEBUG][21-03-10][org.apache.ibatis.transaction.jdbc.JdbcTransaction]Opening JDBC Connection
[DEBUG][21-03-10][org.apache.ibatis.datasource.pooled.PooledDataSource]Created connection 1148254374.
[DEBUG][21-03-10][org.apache.ibatis.transaction.jdbc.JdbcTransaction]Setting autocommit to false on JDBC Connection [com.mysql.cj.jdbc.ConnectionImpl@4470f8a6]
[DEBUG][21-03-10][com.cyp.dao.UserMapper.deleteUser]==>  Preparing: delete from user where id =? 
[DEBUG][21-03-10][com.cyp.dao.UserMapper.deleteUser]==> Parameters: 1(Integer)
[DEBUG][21-03-10][com.cyp.dao.UserMapper.deleteUser]<==    Updates: 1
[DEBUG][21-03-10][org.apache.ibatis.transaction.jdbc.JdbcTransaction]Rolling back JDBC Connection [com.mysql.cj.jdbc.ConnectionImpl@4470f8a6]
[DEBUG][21-03-10][org.apache.ibatis.transaction.jdbc.JdbcTransaction]Resetting autocommit to true on JDBC Connection [com.mysql.cj.jdbc.ConnectionImpl@4470f8a6]
[DEBUG][21-03-10][org.apache.ibatis.transaction.jdbc.JdbcTransaction]Closing JDBC Connection [com.mysql.cj.jdbc.ConnectionImpl@4470f8a6]
[DEBUG][21-03-10][org.apache.ibatis.datasource.pooled.PooledDataSource]Returned connection 1148254374 to pool.
[DEBUG][21-03-10][org.apache.ibatis.logging.LogFactory]Logging initialized using 'class org.apache.ibatis.logging.log4j.Log4jImpl' adapter.
[DEBUG][21-03-10][org.apache.ibatis.logging.LogFactory]Logging initialized using 'class org.apache.ibatis.logging.log4j.Log4jImpl' adapter.
[DEBUG][21-03-10][org.apache.ibatis.datasource.pooled.PooledDataSource]PooledDataSource forcefully closed/removed all connections.
[DEBUG][21-03-10][org.apache.ibatis.datasource.pooled.PooledDataSource]PooledDataSource forcefully closed/removed all connections.
[DEBUG][21-03-10][org.apache.ibatis.datasource.pooled.PooledDataSource]PooledDataSource forcefully closed/removed all connections.
[DEBUG][21-03-10][org.apache.ibatis.datasource.pooled.PooledDataSource]PooledDataSource forcefully closed/removed all connections.
[DEBUG][21-03-10][org.apache.ibatis.transaction.jdbc.JdbcTransaction]Opening JDBC Connection
[DEBUG][21-03-10][org.apache.ibatis.datasource.pooled.PooledDataSource]Created connection 1148254374.
[DEBUG][21-03-10][org.apache.ibatis.transaction.jdbc.JdbcTransaction]Setting autocommit to false on JDBC Connection [com.mysql.cj.jdbc.ConnectionImpl@4470f8a6]
[DEBUG][21-03-10][com.cyp.dao.UserMapper.deleteUser]==>  Preparing: delete from user where id =? 
[DEBUG][21-03-10][com.cyp.dao.UserMapper.deleteUser]==> Parameters: 1(Integer)
[DEBUG][21-03-10][com.cyp.dao.UserMapper.deleteUser]<==    Updates: 1
[DEBUG][21-03-10][org.apache.ibatis.transaction.jdbc.JdbcTransaction]Rolling back JDBC Connection [com.mysql.cj.jdbc.ConnectionImpl@4470f8a6]
[DEBUG][21-03-10][org.apache.ibatis.transaction.jdbc.JdbcTransaction]Resetting autocommit to true on JDBC Connection [com.mysql.cj.jdbc.ConnectionImpl@4470f8a6]
[DEBUG][21-03-10][org.apache.ibatis.transaction.jdbc.JdbcTransaction]Closing JDBC Connection [com.mysql.cj.jdbc.ConnectionImpl@4470f8a6]
[DEBUG][21-03-10][org.apache.ibatis.datasource.pooled.PooledDataSource]Returned connection 1148254374 to pool.
[DEBUG][21-03-10][org.apache.ibatis.logging.LogFactory]Logging initialized using 'class org.apache.ibatis.logging.log4j.Log4jImpl' adapter.
[DEBUG][21-03-10][org.apache.ibatis.logging.LogFactory]Logging initialized using 'class org.apache.ibatis.logging.log4j.Log4jImpl' adapter.
[DEBUG][21-03-10][org.apache.ibatis.datasource.pooled.PooledDataSource]PooledDataSource forcefully closed/removed all connections.
[DEBUG][21-03-10][org.apache.ibatis.datasource.pooled.PooledDataSource]PooledDataSource forcefully closed/removed all connections.
[DEBUG][21-03-10][org.apache.ibatis.datasource.pooled.PooledDataSource]PooledDataSource forcefully closed/removed all connections.
[DEBUG][21-03-10][org.apache.ibatis.datasource.pooled.PooledDataSource]PooledDataSource forcefully closed/removed all connections.
[DEBUG][21-03-10][org.apache.ibatis.transaction.jdbc.JdbcTransaction]Opening JDBC Connection
[DEBUG][21-03-10][org.apache.ibatis.datasource.pooled.PooledDataSource]Created connection 1148254374.
[DEBUG][21-03-10][org.apache.ibatis.transaction.jdbc.JdbcTransaction]Setting autocommit to false on JDBC Connection [com.mysql.cj.jdbc.ConnectionImpl@4470f8a6]
[DEBUG][21-03-10][com.cyp.dao.UserMapper.addUser]==>  Preparing: insert into user(id,name,pwd) values(?,?,?) 
[DEBUG][21-03-10][com.cyp.dao.UserMapper.addUser]==> Parameters: 4(Integer), 黑哥(String), 12345(String)
[DEBUG][21-03-10][com.cyp.dao.UserMapper.addUser]<==    Updates: 1
[DEBUG][21-03-10][org.apache.ibatis.transaction.jdbc.JdbcTransaction]Committing JDBC Connection [com.mysql.cj.jdbc.ConnectionImpl@4470f8a6]
[DEBUG][21-03-10][org.apache.ibatis.transaction.jdbc.JdbcTransaction]Resetting autocommit to true on JDBC Connection [com.mysql.cj.jdbc.ConnectionImpl@4470f8a6]
[DEBUG][21-03-10][org.apache.ibatis.transaction.jdbc.JdbcTransaction]Closing JDBC Connection [com.mysql.cj.jdbc.ConnectionImpl@4470f8a6]
[DEBUG][21-03-10][org.apache.ibatis.datasource.pooled.PooledDataSource]Returned connection 1148254374 to pool.
[DEBUG][21-03-10][org.apache.ibatis.logging.LogFactory]Logging initialized using 'class org.apache.ibatis.logging.log4j.Log4jImpl' adapter.
[DEBUG][21-03-10][org.apache.ibatis.logging.LogFactory]Logging initialized using 'class org.apache.ibatis.logging.log4j.Log4jImpl' adapter.
[DEBUG][21-03-10][org.apache.ibatis.datasource.pooled.PooledDataSource]PooledDataSource forcefully closed/removed all connections.
[DEBUG][21-03-10][org.apache.ibatis.datasource.pooled.PooledDataSource]PooledDataSource forcefully closed/removed all connections.
[DEBUG][21-03-10][org.apache.ibatis.datasource.pooled.PooledDataSource]PooledDataSource forcefully closed/removed all connections.
[DEBUG][21-03-10][org.apache.ibatis.datasource.pooled.PooledDataSource]PooledDataSource forcefully closed/removed all connections.
[DEBUG][21-03-10][org.apache.ibatis.transaction.jdbc.JdbcTransaction]Opening JDBC Connection
[DEBUG][21-03-10][org.apache.ibatis.datasource.pooled.PooledDataSource]Created connection 2001223946.
[DEBUG][21-03-10][org.apache.ibatis.transaction.jdbc.JdbcTransaction]Setting autocommit to false on JDBC Connection [com.mysql.cj.jdbc.ConnectionImpl@7748410a]
[DEBUG][21-03-10][com.cyp.dao.UserMapper.addUser]==>  Preparing: insert into user(id,name,pwd) values(?,?,?) 
[DEBUG][21-03-10][com.cyp.dao.UserMapper.addUser]==> Parameters: 4(Integer), 黑哥(String), 12345(String)
[DEBUG][21-03-10][org.apache.ibatis.logging.LogFactory]Logging initialized using 'class org.apache.ibatis.logging.log4j.Log4jImpl' adapter.
[DEBUG][21-03-10][org.apache.ibatis.logging.LogFactory]Logging initialized using 'class org.apache.ibatis.logging.log4j.Log4jImpl' adapter.
[DEBUG][21-03-10][org.apache.ibatis.datasource.pooled.PooledDataSource]PooledDataSource forcefully closed/removed all connections.
[DEBUG][21-03-10][org.apache.ibatis.datasource.pooled.PooledDataSource]PooledDataSource forcefully closed/removed all connections.
[DEBUG][21-03-10][org.apache.ibatis.datasource.pooled.PooledDataSource]PooledDataSource forcefully closed/removed all connections.
[DEBUG][21-03-10][org.apache.ibatis.datasource.pooled.PooledDataSource]PooledDataSource forcefully closed/removed all connections.
[DEBUG][21-03-10][org.apache.ibatis.transaction.jdbc.JdbcTransaction]Opening JDBC Connection
[DEBUG][21-03-10][org.apache.ibatis.datasource.pooled.PooledDataSource]Created connection 2001223946.
[DEBUG][21-03-10][org.apache.ibatis.transaction.jdbc.JdbcTransaction]Setting autocommit to false on JDBC Connection [com.mysql.cj.jdbc.ConnectionImpl@7748410a]
[DEBUG][21-03-10][com.cyp.dao.UserMapper.addUser]==>  Preparing: insert into user(id,name,pwd) values(?,?,?) 
[DEBUG][21-03-10][com.cyp.dao.UserMapper.addUser]==> Parameters: 5(Integer), 绿哥(String), 12345(String)
[DEBUG][21-03-10][com.cyp.dao.UserMapper.addUser]<==    Updates: 1
[DEBUG][21-03-10][org.apache.ibatis.transaction.jdbc.JdbcTransaction]Committing JDBC Connection [com.mysql.cj.jdbc.ConnectionImpl@7748410a]
[DEBUG][21-03-10][org.apache.ibatis.transaction.jdbc.JdbcTransaction]Resetting autocommit to true on JDBC Connection [com.mysql.cj.jdbc.ConnectionImpl@7748410a]
[DEBUG][21-03-10][org.apache.ibatis.transaction.jdbc.JdbcTransaction]Closing JDBC Connection [com.mysql.cj.jdbc.ConnectionImpl@7748410a]
[DEBUG][21-03-10][org.apache.ibatis.datasource.pooled.PooledDataSource]Returned connection 2001223946 to pool.
